2026-03-31 22:00:01 startup packages configure
2026-03-31 22:00:01 status installed apache2:amd64 2.4.54-2ubuntu1
2026-03-31 22:00:01 status installed mysql-server:amd64 8.0.32-0ubuntu0.22.04.2
2026-03-31 22:00:01 status installed openssh-server:amd64 1:8.9p1-3ubuntu0.1
2026-03-31 22:00:01 status installed php8.1:amd64 8.1.2-1ubuntu2.14
2026-03-31 22:00:01 status installed ufw:amd64 0.36.1-4ubuntu0.1
2026-03-31 22:15:00 startup packages configure
2026-03-31 22:15:01 upgrade libssl3:amd64 3.0.2-0ubuntu1.9 3.0.2-0ubuntu1.10
2026-03-31 22:15:02 status installed libssl3:amd64 3.0.2-0ubuntu1.10
2026-03-31 22:15:05 upgrade curl:amd64 7.81.0-1ubuntu1.14 7.81.0-1ubuntu1.15
2026-03-31 22:15:06 status installed curl:amd64 7.81.0-1ubuntu1.15
2026-03-31 22:15:10 upgrade openssl:amd64 3.0.2-0ubuntu1.9 3.0.2-0ubuntu1.10
2026-03-31 22:15:11 status installed openssl:amd64 3.0.2-0ubuntu1.10
2026-04-01 03:15:22 startup packages install
2026-04-01 03:15:22 install netcat-traditional:amd64 <none> 1.10-47
2026-04-01 03:15:23 status half-installed netcat-traditional:amd64 1.10-47
2026-04-01 03:15:24 status installed netcat-traditional:amd64 1.10-47
2026-04-01 03:15:45 install nmap:amd64 <none> 7.80+dfsg1-2build1
2026-04-01 03:15:46 status half-installed nmap:amd64 7.80+dfsg1-2build1
2026-04-01 03:15:50 status installed nmap:amd64 7.80+dfsg1-2build1
2026-04-01 03:16:00 install john:amd64 <none> 1.9.0-jumbo-1+bleeding-amd64
2026-04-01 03:16:02 status half-installed john:amd64 1.9.0-jumbo-1+bleeding-amd64
2026-04-01 03:16:10 status installed john:amd64 1.9.0-jumbo-1+bleeding-amd64
2026-04-01 03:16:20 install hydra:amd64 <none> 9.0-1
2026-04-01 03:16:21 status half-installed hydra:amd64 9.0-1
2026-04-01 03:16:24 status installed hydra:amd64 9.0-1
2026-04-01 03:16:35 install proxychains4:amd64 <none> 4.14-1
2026-04-01 03:16:36 status half-installed proxychains4:amd64 4.14-1
2026-04-01 03:16:38 status installed proxychains4:amd64 4.14-1
2026-04-01 03:16:50 install socat:amd64 <none> 1.7.4.1-3
2026-04-01 03:16:51 status half-installed socat:amd64 1.7.4.1-3
2026-04-01 03:16:53 status installed socat:amd64 1.7.4.1-3
2026-04-01 03:17:00 install pspy64:amd64 <none> 1.2.0
2026-04-01 03:17:05 status installed pspy64:amd64 1.2.0
2026-04-01 03:17:10 install tcpdump:amd64 <none> 4.99.1-3ubuntu0.1
2026-04-01 03:17:12 status installed tcpdump:amd64 4.99.1-3ubuntu0.1
2026-04-01 03:17:20 install whois:amd64 <none> 5.5.13
2026-04-01 03:17:21 status installed whois:amd64 5.5.13
